<?xml version="1.0" encoding="UTF-8"?>
<!-- Generated by org.testng.reporters.JUnitReportReporter -->
<testsuite hostname="DESKTOP-PG3K8RC" failures="0" tests="2" name="cardTest.DonationScenario" time="82.568" errors="0" timestamp="2022-07-19T02:41:11 IST" skipped="0">
  <testcase classname="cardTest.DonationScenario" name="verifyPageLoad" time="0.016"/>
  <system-out/>
  <testcase classname="cardTest.DonationScenario" name="makeDonation" time="82.552"/>
  <system-out/>
</testsuite> <!-- cardTest.DonationScenario -->
